2022-12-17 6:33:26 PM	This log contains information about the import schema operation into project 'BIFramework' on computer 'LAPTOP-NI0AKHN4' by user 'vrsan'.
2022-12-17 6:33:26 PM	Import of database schema has started.
2022-12-17 6:33:30 PM	Gathering logins
2022-12-17 6:34:59 PM	Gathering database credentials
2022-12-17 6:34:59 PM	Gathering database options
2022-12-17 6:34:59 PM	Gathering generic database scoped configuration option
2022-12-17 6:34:59 PM	Gathering users
2022-12-17 6:35:02 PM	Gathering roles
2022-12-17 6:35:02 PM	Gathering application roles
2022-12-17 6:35:02 PM	Gathering role memberships
2022-12-17 6:35:02 PM	Gathering filegroups
2022-12-17 6:35:02 PM	Gathering full-text catalogs
2022-12-17 6:35:02 PM	Gathering assemblies
2022-12-17 6:35:02 PM	Gathering certificates
2022-12-17 6:35:02 PM	Gathering symmetric keys
2022-12-17 6:35:02 PM	Gathering encrypted symmetric keys
2022-12-17 6:35:02 PM	Gathering schemas
2022-12-17 6:35:02 PM	Gathering XML schema collections
2022-12-17 6:35:02 PM	Gathering user-defined data types
2022-12-17 6:35:02 PM	Gathering user-defined types
2022-12-17 6:35:02 PM	Gathering table types
2022-12-17 6:35:02 PM	Gathering unique keys for table types
2022-12-17 6:35:02 PM	Gathering primary keys for table types
2022-12-17 6:35:02 PM	Gathering indexes for table types
2022-12-17 6:35:04 PM	Gathering check constraints for table types
2022-12-17 6:35:04 PM	Gathering default constraints for table types
2022-12-17 6:35:04 PM	Gathering partition functions
2022-12-17 6:35:04 PM	Gathering partition schemes
2022-12-17 6:35:04 PM	Gathering functions
2022-12-17 6:35:04 PM	Gathering encrypted functions
2022-12-17 6:35:04 PM	Gathering aggregates
2022-12-17 6:35:04 PM	Gathering procedures
2022-12-17 6:35:04 PM	Gathering encrypted procedures
2022-12-17 6:35:12 PM	Gathering tables
2022-12-17 6:35:17 PM	Gathering primary keys
2022-12-17 6:35:21 PM	Gathering unique constraints
2022-12-17 6:35:21 PM	Gathering foreign keys
2022-12-17 6:35:21 PM	Gathering default constraints
2022-12-17 6:35:21 PM	Gathering check constraints
2022-12-17 6:35:21 PM	Gathering views
2022-12-17 6:35:21 PM	Gathering encrypted views
2022-12-17 6:35:21 PM	Gathering indexes
2022-12-17 6:35:29 PM	Gathering statistics
2022-12-17 6:35:29 PM	Gathering full-text index stoplists
2022-12-17 6:35:29 PM	Gathering search property lists
2022-12-17 6:35:29 PM	Gathering search properties
2022-12-17 6:35:29 PM	Gathering full-text indexes
2022-12-17 6:35:30 PM	Gathering column store indexes
2022-12-17 6:35:30 PM	Gathering spatial indexes
2022-12-17 6:35:30 PM	Gathering XML indexes
2022-12-17 6:35:30 PM	Gathering Selective XML indexes
2022-12-17 6:35:32 PM	Gathering encrypted triggers
2022-12-17 6:35:32 PM	Gathering triggers
2022-12-17 6:35:32 PM	Gathering encrypted and clr ddl triggers
2022-12-17 6:35:32 PM	Gathering ddl triggers
2022-12-17 6:35:32 PM	Creating edge constraints
2022-12-17 6:35:32 PM	Gathering synonyms
2022-12-17 6:35:32 PM	Gathering defaults
2022-12-17 6:35:32 PM	Gathering data constraint uddt bindings
2022-12-17 6:35:32 PM	Gathering rules
2022-12-17 6:35:32 PM	Gathering data constraint uddt bindings
2022-12-17 6:35:32 PM	Gathering message types
2022-12-17 6:35:33 PM	Gathering queues
2022-12-17 6:35:33 PM	Gathering contracts
2022-12-17 6:35:33 PM	Gathering services
2022-12-17 6:35:33 PM	Gathering event notifications
2022-12-17 6:35:33 PM	Gathering remote service bindings
2022-12-17 6:35:33 PM	Gathering broker priorities
2022-12-17 6:35:33 PM	Gathering signatures
2022-12-17 6:35:33 PM	Gathering data compression options
2022-12-17 6:35:33 PM	Gathering sequence types
2022-12-17 6:35:33 PM	Gathering security policies
2022-12-17 6:35:33 PM	Gather column encryption keys
2022-12-17 6:35:33 PM	Gathering column master keys
2022-12-17 6:35:33 PM	Gathering external data sources
2022-12-17 6:35:33 PM	Gathering external tables
2022-12-17 6:35:33 PM	Gathering extended properties
2022-12-17 6:35:34 PM	Gathering assemblies
2022-12-17 6:35:35 PM	Gathering logins
2022-12-17 6:35:35 PM	Scanning project for duplicate elements
2022-12-17 6:35:35 PM	Finished duplicate element processing
2022-12-17 6:35:36 PM	Finished importing database.
2022-12-17 6:35:36 PM	A summary of the import was saved to the following location: C:\Users\vrsan\Documents\Learning\ETLFramework\BIFramework\Import Schema Logs\BIFramework_20221217053326.log
2022-12-17 6:35:36 PM	Click Finish to continue...
